ERROR - 2022-05-13 02:57:26 --> Error connecting to the database: Access denied for user ''@'localhost' (using password: NO)
CRITICAL - 2022-05-13 05:54:13 --> Class 'App\Models\AuthorModel' not found
#0 C:\xampp\htdocs\ci-uts\system\CodeIgniter.php(809): App\Controllers\Author->__construct()
#1 C:\xampp\htdocs\ci-uts\system\CodeIgniter.php(410): CodeIgniter\CodeIgniter->createController()
#2 C:\xampp\htdocs\ci-uts\system\CodeIgniter.php(326): CodeIgniter\CodeIgniter->handleRequest(NULL, Object(Config\Cache), false)
#3 C:\xampp\htdocs\ci-uts\public\index.php(37): CodeIgniter\CodeIgniter->run()
#4 C:\xampp\htdocs\ci-uts\system\Commands\Server\rewrite.php(43): require_once('C:\\xampp\\htdocs...')
#5 {main}
CRITICAL - 2022-05-13 08:30:15 --> Undefined property: App\Controllers\Author::$pegawai
#0 C:\xampp\htdocs\ci-uts\app\Controllers\Author.php(66): CodeIgniter\Debug\Exceptions->errorHandler(8, 'Undefined prope...', 'C:\\xampp\\htdocs...', 66, Array)
#1 C:\xampp\htdocs\ci-uts\system\CodeIgniter.php(832): App\Controllers\Author->store()
#2 C:\xampp\htdocs\ci-uts\system\CodeIgniter.php(419): CodeIgniter\CodeIgniter->runController(Object(App\Controllers\Author))
#3 C:\xampp\htdocs\ci-uts\system\CodeIgniter.php(326): CodeIgniter\CodeIgniter->handleRequest(NULL, Object(Config\Cache), false)
#4 C:\xampp\htdocs\ci-uts\public\index.php(37): CodeIgniter\CodeIgniter->run()
#5 C:\xampp\htdocs\ci-uts\system\Commands\Server\rewrite.php(43): require_once('C:\\xampp\\htdocs...')
#6 {main}
CRITICAL - 2022-05-13 09:15:24 --> Invalid file: author/update.php
#0 C:\xampp\htdocs\ci-uts\system\View\View.php(198): CodeIgniter\Exceptions\FrameworkException::forInvalidFile('author/update.p...')
#1 C:\xampp\htdocs\ci-uts\system\Common.php(1089): CodeIgniter\View\View->render('author/update', Array, true)
#2 C:\xampp\htdocs\ci-uts\app\Controllers\Author.php(84): view('author/update', Array)
#3 C:\xampp\htdocs\ci-uts\system\CodeIgniter.php(832): App\Controllers\Author->edit('1')
#4 C:\xampp\htdocs\ci-uts\system\CodeIgniter.php(419): CodeIgniter\CodeIgniter->runController(Object(App\Controllers\Author))
#5 C:\xampp\htdocs\ci-uts\system\CodeIgniter.php(326): CodeIgniter\CodeIgniter->handleRequest(NULL, Object(Config\Cache), false)
#6 C:\xampp\htdocs\ci-uts\public\index.php(37): CodeIgniter\CodeIgniter->run()
#7 C:\xampp\htdocs\ci-uts\system\Commands\Server\rewrite.php(43): require_once('C:\\xampp\\htdocs...')
#8 {main}
CRITICAL - 2022-05-13 11:04:32 --> Undefined variable: currentPage
#0 C:\xampp\htdocs\ci-uts\app\Views\Author\index.php(30): CodeIgniter\Debug\Exceptions->errorHandler(8, 'Undefined varia...', 'C:\\xampp\\htdocs...', 30, Array)
#1 C:\xampp\htdocs\ci-uts\system\View\View.php(210): include('C:\\xampp\\htdocs...')
#2 C:\xampp\htdocs\ci-uts\system\View\View.php(213): CodeIgniter\View\View->CodeIgniter\View\{closure}()
#3 C:\xampp\htdocs\ci-uts\system\Common.php(1089): CodeIgniter\View\View->render('author/index', Array, true)
#4 C:\xampp\htdocs\ci-uts\app\Controllers\Author.php(24): view('author/index', Array)
#5 C:\xampp\htdocs\ci-uts\system\CodeIgniter.php(832): App\Controllers\Author->index()
#6 C:\xampp\htdocs\ci-uts\system\CodeIgniter.php(419): CodeIgniter\CodeIgniter->runController(Object(App\Controllers\Author))
#7 C:\xampp\htdocs\ci-uts\system\CodeIgniter.php(326): CodeIgniter\CodeIgniter->handleRequest(NULL, Object(Config\Cache), false)
#8 C:\xampp\htdocs\ci-uts\public\index.php(37): CodeIgniter\CodeIgniter->run()
#9 C:\xampp\htdocs\ci-uts\system\Commands\Server\rewrite.php(43): require_once('C:\\xampp\\htdocs...')
#10 {main}
CRITICAL - 2022-05-13 11:05:55 --> Undefined variable: currentPage
#0 C:\xampp\htdocs\ci-uts\app\Views\Author\index.php(30): CodeIgniter\Debug\Exceptions->errorHandler(8, 'Undefined varia...', 'C:\\xampp\\htdocs...', 30, Array)
#1 C:\xampp\htdocs\ci-uts\system\View\View.php(210): include('C:\\xampp\\htdocs...')
#2 C:\xampp\htdocs\ci-uts\system\View\View.php(213): CodeIgniter\View\View->CodeIgniter\View\{closure}()
#3 C:\xampp\htdocs\ci-uts\system\Common.php(1089): CodeIgniter\View\View->render('author/index', Array, true)
#4 C:\xampp\htdocs\ci-uts\app\Controllers\Author.php(24): view('author/index', Array)
#5 C:\xampp\htdocs\ci-uts\system\CodeIgniter.php(832): App\Controllers\Author->index()
#6 C:\xampp\htdocs\ci-uts\system\CodeIgniter.php(419): CodeIgniter\CodeIgniter->runController(Object(App\Controllers\Author))
#7 C:\xampp\htdocs\ci-uts\system\CodeIgniter.php(326): CodeIgniter\CodeIgniter->handleRequest(NULL, Object(Config\Cache), false)
#8 C:\xampp\htdocs\ci-uts\public\index.php(37): CodeIgniter\CodeIgniter->run()
#9 C:\xampp\htdocs\ci-uts\system\Commands\Server\rewrite.php(43): require_once('C:\\xampp\\htdocs...')
#10 {main}
CRITICAL - 2022-05-13 14:40:09 --> Undefined property: App\Controllers\Webnovel::$webnovel
#0 C:\xampp\htdocs\ci-uts\app\Controllers\Webnovel.php(25): CodeIgniter\Debug\Exceptions->errorHandler(8, 'Undefined prope...', 'C:\\xampp\\htdocs...', 25, Array)
#1 C:\xampp\htdocs\ci-uts\system\CodeIgniter.php(832): App\Controllers\Webnovel->index()
#2 C:\xampp\htdocs\ci-uts\system\CodeIgniter.php(419): CodeIgniter\CodeIgniter->runController(Object(App\Controllers\Webnovel))
#3 C:\xampp\htdocs\ci-uts\system\CodeIgniter.php(326): CodeIgniter\CodeIgniter->handleRequest(NULL, Object(Config\Cache), false)
#4 C:\xampp\htdocs\ci-uts\public\index.php(37): CodeIgniter\CodeIgniter->run()
#5 C:\xampp\htdocs\ci-uts\system\Commands\Server\rewrite.php(43): require_once('C:\\xampp\\htdocs...')
#6 {main}
CRITICAL - 2022-05-13 14:42:57 --> Undefined property: App\Controllers\Webnovel::$webnovel
#0 C:\xampp\htdocs\ci-uts\app\Controllers\Webnovel.php(25): CodeIgniter\Debug\Exceptions->errorHandler(8, 'Undefined prope...', 'C:\\xampp\\htdocs...', 25, Array)
#1 C:\xampp\htdocs\ci-uts\system\CodeIgniter.php(832): App\Controllers\Webnovel->index()
#2 C:\xampp\htdocs\ci-uts\system\CodeIgniter.php(419): CodeIgniter\CodeIgniter->runController(Object(App\Controllers\Webnovel))
#3 C:\xampp\htdocs\ci-uts\system\CodeIgniter.php(326): CodeIgniter\CodeIgniter->handleRequest(NULL, Object(Config\Cache), false)
#4 C:\xampp\htdocs\ci-uts\public\index.php(37): CodeIgniter\CodeIgniter->run()
#5 C:\xampp\htdocs\ci-uts\system\Commands\Server\rewrite.php(43): require_once('C:\\xampp\\htdocs...')
#6 {main}
CRITICAL - 2022-05-13 14:43:19 --> Undefined property: App\Controllers\Webnovel::$webnovel
#0 C:\xampp\htdocs\ci-uts\app\Controllers\Webnovel.php(25): CodeIgniter\Debug\Exceptions->errorHandler(8, 'Undefined prope...', 'C:\\xampp\\htdocs...', 25, Array)
#1 C:\xampp\htdocs\ci-uts\system\CodeIgniter.php(832): App\Controllers\Webnovel->index()
#2 C:\xampp\htdocs\ci-uts\system\CodeIgniter.php(419): CodeIgniter\CodeIgniter->runController(Object(App\Controllers\Webnovel))
#3 C:\xampp\htdocs\ci-uts\system\CodeIgniter.php(326): CodeIgniter\CodeIgniter->handleRequest(NULL, Object(Config\Cache), false)
#4 C:\xampp\htdocs\ci-uts\public\index.php(37): CodeIgniter\CodeIgniter->run()
#5 C:\xampp\htdocs\ci-uts\system\Commands\Server\rewrite.php(43): require_once('C:\\xampp\\htdocs...')
#6 {main}
CRITICAL - 2022-05-13 14:44:06 --> Undefined variable: author
#0 C:\xampp\htdocs\ci-uts\app\Controllers\Webnovel.php(29): CodeIgniter\Debug\Exceptions->errorHandler(8, 'Undefined varia...', 'C:\\xampp\\htdocs...', 29, Array)
#1 C:\xampp\htdocs\ci-uts\system\CodeIgniter.php(832): App\Controllers\Webnovel->index()
#2 C:\xampp\htdocs\ci-uts\system\CodeIgniter.php(419): CodeIgniter\CodeIgniter->runController(Object(App\Controllers\Webnovel))
#3 C:\xampp\htdocs\ci-uts\system\CodeIgniter.php(326): CodeIgniter\CodeIgniter->handleRequest(NULL, Object(Config\Cache), false)
#4 C:\xampp\htdocs\ci-uts\public\index.php(37): CodeIgniter\CodeIgniter->run()
#5 C:\xampp\htdocs\ci-uts\system\Commands\Server\rewrite.php(43): require_once('C:\\xampp\\htdocs...')
#6 {main}
CRITICAL - 2022-05-13 14:44:44 --> Invalid file: webnovel/index.php
#0 C:\xampp\htdocs\ci-uts\system\View\View.php(198): CodeIgniter\Exceptions\FrameworkException::forInvalidFile('webnovel/index....')
#1 C:\xampp\htdocs\ci-uts\system\Common.php(1089): CodeIgniter\View\View->render('webnovel/index', Array, true)
#2 C:\xampp\htdocs\ci-uts\app\Controllers\Webnovel.php(33): view('webnovel/index', Array)
#3 C:\xampp\htdocs\ci-uts\system\CodeIgniter.php(832): App\Controllers\Webnovel->index()
#4 C:\xampp\htdocs\ci-uts\system\CodeIgniter.php(419): CodeIgniter\CodeIgniter->runController(Object(App\Controllers\Webnovel))
#5 C:\xampp\htdocs\ci-uts\system\CodeIgniter.php(326): CodeIgniter\CodeIgniter->handleRequest(NULL, Object(Config\Cache), false)
#6 C:\xampp\htdocs\ci-uts\public\index.php(37): CodeIgniter\CodeIgniter->run()
#7 C:\xampp\htdocs\ci-uts\system\Commands\Server\rewrite.php(43): require_once('C:\\xampp\\htdocs...')
#8 {main}
CRITICAL - 2022-05-13 14:57:40 --> Invalid file: webnovel/index.php
#0 C:\xampp\htdocs\ci-uts\system\View\View.php(198): CodeIgniter\Exceptions\FrameworkException::forInvalidFile('webnovel/index....')
#1 C:\xampp\htdocs\ci-uts\system\Common.php(1089): CodeIgniter\View\View->render('webnovel/index', Array, true)
#2 C:\xampp\htdocs\ci-uts\app\Controllers\Webnovel.php(33): view('webnovel/index', Array)
#3 C:\xampp\htdocs\ci-uts\system\CodeIgniter.php(832): App\Controllers\Webnovel->novel()
#4 C:\xampp\htdocs\ci-uts\system\CodeIgniter.php(419): CodeIgniter\CodeIgniter->runController(Object(App\Controllers\Webnovel))
#5 C:\xampp\htdocs\ci-uts\system\CodeIgniter.php(326): CodeIgniter\CodeIgniter->handleRequest(NULL, Object(Config\Cache), false)
#6 C:\xampp\htdocs\ci-uts\public\index.php(37): CodeIgniter\CodeIgniter->run()
#7 C:\xampp\htdocs\ci-uts\system\Commands\Server\rewrite.php(43): require_once('C:\\xampp\\htdocs...')
#8 {main}
CRITICAL - 2022-05-13 14:58:05 --> Invalid file: webnovel/index.php
#0 C:\xampp\htdocs\ci-uts\system\View\View.php(198): CodeIgniter\Exceptions\FrameworkException::forInvalidFile('webnovel/index....')
#1 C:\xampp\htdocs\ci-uts\system\Common.php(1089): CodeIgniter\View\View->render('webnovel/index', Array, true)
#2 C:\xampp\htdocs\ci-uts\app\Controllers\Webnovel.php(33): view('webnovel/index', Array)
#3 C:\xampp\htdocs\ci-uts\system\CodeIgniter.php(832): App\Controllers\Webnovel->novel()
#4 C:\xampp\htdocs\ci-uts\system\CodeIgniter.php(419): CodeIgniter\CodeIgniter->runController(Object(App\Controllers\Webnovel))
#5 C:\xampp\htdocs\ci-uts\system\CodeIgniter.php(326): CodeIgniter\CodeIgniter->handleRequest(NULL, Object(Config\Cache), false)
#6 C:\xampp\htdocs\ci-uts\public\index.php(37): CodeIgniter\CodeIgniter->run()
#7 C:\xampp\htdocs\ci-uts\system\Commands\Server\rewrite.php(43): require_once('C:\\xampp\\htdocs...')
#8 {main}
CRITICAL - 2022-05-13 14:58:06 --> Invalid file: webnovel/index.php
#0 C:\xampp\htdocs\ci-uts\system\View\View.php(198): CodeIgniter\Exceptions\FrameworkException::forInvalidFile('webnovel/index....')
#1 C:\xampp\htdocs\ci-uts\system\Common.php(1089): CodeIgniter\View\View->render('webnovel/index', Array, true)
#2 C:\xampp\htdocs\ci-uts\app\Controllers\Webnovel.php(33): view('webnovel/index', Array)
#3 C:\xampp\htdocs\ci-uts\system\CodeIgniter.php(832): App\Controllers\Webnovel->novel()
#4 C:\xampp\htdocs\ci-uts\system\CodeIgniter.php(419): CodeIgniter\CodeIgniter->runController(Object(App\Controllers\Webnovel))
#5 C:\xampp\htdocs\ci-uts\system\CodeIgniter.php(326): CodeIgniter\CodeIgniter->handleRequest(NULL, Object(Config\Cache), false)
#6 C:\xampp\htdocs\ci-uts\public\index.php(37): CodeIgniter\CodeIgniter->run()
#7 C:\xampp\htdocs\ci-uts\system\Commands\Server\rewrite.php(43): require_once('C:\\xampp\\htdocs...')
#8 {main}
CRITICAL - 2022-05-13 15:00:54 --> webnovel_pagination is not a valid Pager template.
#0 C:\xampp\htdocs\ci-uts\system\Pager\Pager.php(120): CodeIgniter\Pager\Exceptions\PagerException::forInvalidTemplate('webnovel_pagina...')
#1 C:\xampp\htdocs\ci-uts\system\Pager\Pager.php(83): CodeIgniter\Pager\Pager->displayLinks('webnovel', 'webnovel_pagina...')
#2 C:\xampp\htdocs\ci-uts\app\Views\WebNovel\novel.php(53): CodeIgniter\Pager\Pager->links('webnovel', 'webnovel_pagina...')
#3 C:\xampp\htdocs\ci-uts\system\View\View.php(210): include('C:\\xampp\\htdocs...')
#4 C:\xampp\htdocs\ci-uts\system\View\View.php(213): CodeIgniter\View\View->CodeIgniter\View\{closure}()
#5 C:\xampp\htdocs\ci-uts\system\Common.php(1089): CodeIgniter\View\View->render('webnovel/novel', Array, true)
#6 C:\xampp\htdocs\ci-uts\app\Controllers\Webnovel.php(33): view('webnovel/novel', Array)
#7 C:\xampp\htdocs\ci-uts\system\CodeIgniter.php(832): App\Controllers\Webnovel->novel()
#8 C:\xampp\htdocs\ci-uts\system\CodeIgniter.php(419): CodeIgniter\CodeIgniter->runController(Object(App\Controllers\Webnovel))
#9 C:\xampp\htdocs\ci-uts\system\CodeIgniter.php(326): CodeIgniter\CodeIgniter->handleRequest(NULL, Object(Config\Cache), false)
#10 C:\xampp\htdocs\ci-uts\public\index.php(37): CodeIgniter\CodeIgniter->run()
#11 C:\xampp\htdocs\ci-uts\system\Commands\Server\rewrite.php(43): require_once('C:\\xampp\\htdocs...')
#12 {main}
CRITICAL - 2022-05-13 15:23:32 --> Undefined variable: author
#0 C:\xampp\htdocs\ci-uts\app\Views\WebNovel\edit.php(24): CodeIgniter\Debug\Exceptions->errorHandler(8, 'Undefined varia...', 'C:\\xampp\\htdocs...', 24, Array)
#1 C:\xampp\htdocs\ci-uts\system\View\View.php(210): include('C:\\xampp\\htdocs...')
#2 C:\xampp\htdocs\ci-uts\system\View\View.php(213): CodeIgniter\View\View->CodeIgniter\View\{closure}()
#3 C:\xampp\htdocs\ci-uts\system\Common.php(1089): CodeIgniter\View\View->render('webnovel/edit', Array, true)
#4 C:\xampp\htdocs\ci-uts\app\Controllers\Webnovel.php(98): view('webnovel/edit', Array)
#5 C:\xampp\htdocs\ci-uts\system\CodeIgniter.php(832): App\Controllers\Webnovel->edit('2')
#6 C:\xampp\htdocs\ci-uts\system\CodeIgniter.php(419): CodeIgniter\CodeIgniter->runController(Object(App\Controllers\Webnovel))
#7 C:\xampp\htdocs\ci-uts\system\CodeIgniter.php(326): CodeIgniter\CodeIgniter->handleRequest(NULL, Object(Config\Cache), false)
#8 C:\xampp\htdocs\ci-uts\public\index.php(37): CodeIgniter\CodeIgniter->run()
#9 C:\xampp\htdocs\ci-uts\system\Commands\Server\rewrite.php(43): require_once('C:\\xampp\\htdocs...')
#10 {main}
