CRITICAL - 2022-05-11 13:16:57 --> Class 'App\Controllers\Admin\BaseController' not found
#0 C:\xampp\htdocs\ci-uts\system\Autoloader\Autoloader.php(264): include_once()
#1 C:\xampp\htdocs\ci-uts\system\Autoloader\Autoloader.php(241): CodeIgniter\Autoloader\Autoloader->includeFile('C:\\xampp\\htdocs...')
#2 C:\xampp\htdocs\ci-uts\system\Autoloader\Autoloader.php(219): CodeIgniter\Autoloader\Autoloader->loadInNamespace('App\\Controllers...')
#3 [internal function]: CodeIgniter\Autoloader\Autoloader->loadClass('App\\Controllers...')
#4 [internal function]: spl_autoload_call('App\\Controllers...')
#5 C:\xampp\htdocs\ci-uts\system\CodeIgniter.php(797): class_exists('\\App\\Controller...', true)
#6 C:\xampp\htdocs\ci-uts\system\CodeIgniter.php(406): CodeIgniter\CodeIgniter->startController()
#7 C:\xampp\htdocs\ci-uts\system\CodeIgniter.php(326): CodeIgniter\CodeIgniter->handleRequest(NULL, Object(Config\Cache), false)
#8 C:\xampp\htdocs\ci-uts\public\index.php(37): CodeIgniter\CodeIgniter->run()
#9 C:\xampp\htdocs\ci-uts\system\Commands\Server\rewrite.php(43): require_once('C:\\xampp\\htdocs...')
#10 {main}
CRITICAL - 2022-05-11 13:19:42 --> Class 'App\Controllers\Admin\BaseController' not found
#0 C:\xampp\htdocs\ci-uts\system\Autoloader\Autoloader.php(264): include_once()
#1 C:\xampp\htdocs\ci-uts\system\Autoloader\Autoloader.php(241): CodeIgniter\Autoloader\Autoloader->includeFile('C:\\xampp\\htdocs...')
#2 C:\xampp\htdocs\ci-uts\system\Autoloader\Autoloader.php(219): CodeIgniter\Autoloader\Autoloader->loadInNamespace('App\\Controllers...')
#3 [internal function]: CodeIgniter\Autoloader\Autoloader->loadClass('App\\Controllers...')
#4 [internal function]: spl_autoload_call('App\\Controllers...')
#5 C:\xampp\htdocs\ci-uts\system\CodeIgniter.php(797): class_exists('\\App\\Controller...', true)
#6 C:\xampp\htdocs\ci-uts\system\CodeIgniter.php(406): CodeIgniter\CodeIgniter->startController()
#7 C:\xampp\htdocs\ci-uts\system\CodeIgniter.php(326): CodeIgniter\CodeIgniter->handleRequest(NULL, Object(Config\Cache), false)
#8 C:\xampp\htdocs\ci-uts\public\index.php(37): CodeIgniter\CodeIgniter->run()
#9 C:\xampp\htdocs\ci-uts\system\Commands\Server\rewrite.php(43): require_once('C:\\xampp\\htdocs...')
#10 {main}
CRITICAL - 2022-05-11 13:20:02 --> Class 'App\Controllers\Admin\BaseController' not found
#0 C:\xampp\htdocs\ci-uts\system\Autoloader\Autoloader.php(264): include_once()
#1 C:\xampp\htdocs\ci-uts\system\Autoloader\Autoloader.php(241): CodeIgniter\Autoloader\Autoloader->includeFile('C:\\xampp\\htdocs...')
#2 C:\xampp\htdocs\ci-uts\system\Autoloader\Autoloader.php(219): CodeIgniter\Autoloader\Autoloader->loadInNamespace('App\\Controllers...')
#3 [internal function]: CodeIgniter\Autoloader\Autoloader->loadClass('App\\Controllers...')
#4 [internal function]: spl_autoload_call('App\\Controllers...')
#5 C:\xampp\htdocs\ci-uts\system\CodeIgniter.php(797): class_exists('\\App\\Controller...', true)
#6 C:\xampp\htdocs\ci-uts\system\CodeIgniter.php(406): CodeIgniter\CodeIgniter->startController()
#7 C:\xampp\htdocs\ci-uts\system\CodeIgniter.php(326): CodeIgniter\CodeIgniter->handleRequest(NULL, Object(Config\Cache), false)
#8 C:\xampp\htdocs\ci-uts\public\index.php(37): CodeIgniter\CodeIgniter->run()
#9 C:\xampp\htdocs\ci-uts\system\Commands\Server\rewrite.php(43): require_once('C:\\xampp\\htdocs...')
#10 {main}
CRITICAL - 2022-05-11 13:23:06 --> Class 'App\Controllers\Admin\BaseController' not found
#0 C:\xampp\htdocs\ci-uts\system\Autoloader\Autoloader.php(264): include_once()
#1 C:\xampp\htdocs\ci-uts\system\Autoloader\Autoloader.php(241): CodeIgniter\Autoloader\Autoloader->includeFile('C:\\xampp\\htdocs...')
#2 C:\xampp\htdocs\ci-uts\system\Autoloader\Autoloader.php(219): CodeIgniter\Autoloader\Autoloader->loadInNamespace('App\\Controllers...')
#3 [internal function]: CodeIgniter\Autoloader\Autoloader->loadClass('App\\Controllers...')
#4 [internal function]: spl_autoload_call('App\\Controllers...')
#5 C:\xampp\htdocs\ci-uts\system\CodeIgniter.php(797): class_exists('\\App\\Controller...', true)
#6 C:\xampp\htdocs\ci-uts\system\CodeIgniter.php(406): CodeIgniter\CodeIgniter->startController()
#7 C:\xampp\htdocs\ci-uts\system\CodeIgniter.php(326): CodeIgniter\CodeIgniter->handleRequest(NULL, Object(Config\Cache), false)
#8 C:\xampp\htdocs\ci-uts\public\index.php(37): CodeIgniter\CodeIgniter->run()
#9 C:\xampp\htdocs\ci-uts\system\Commands\Server\rewrite.php(43): require_once('C:\\xampp\\htdocs...')
#10 {main}
CRITICAL - 2022-05-11 13:24:03 --> Class 'App\Controllers\Admin\BaseController' not found
#0 C:\xampp\htdocs\ci-uts\system\Autoloader\Autoloader.php(264): include_once()
#1 C:\xampp\htdocs\ci-uts\system\Autoloader\Autoloader.php(241): CodeIgniter\Autoloader\Autoloader->includeFile('C:\\xampp\\htdocs...')
#2 C:\xampp\htdocs\ci-uts\system\Autoloader\Autoloader.php(219): CodeIgniter\Autoloader\Autoloader->loadInNamespace('App\\Controllers...')
#3 [internal function]: CodeIgniter\Autoloader\Autoloader->loadClass('App\\Controllers...')
#4 [internal function]: spl_autoload_call('App\\Controllers...')
#5 C:\xampp\htdocs\ci-uts\system\CodeIgniter.php(797): class_exists('\\App\\Controller...', true)
#6 C:\xampp\htdocs\ci-uts\system\CodeIgniter.php(406): CodeIgniter\CodeIgniter->startController()
#7 C:\xampp\htdocs\ci-uts\system\CodeIgniter.php(326): CodeIgniter\CodeIgniter->handleRequest(NULL, Object(Config\Cache), false)
#8 C:\xampp\htdocs\ci-uts\public\index.php(37): CodeIgniter\CodeIgniter->run()
#9 C:\xampp\htdocs\ci-uts\system\Commands\Server\rewrite.php(43): require_once('C:\\xampp\\htdocs...')
#10 {main}
CRITICAL - 2022-05-11 13:24:04 --> Class 'App\Controllers\Admin\BaseController' not found
#0 C:\xampp\htdocs\ci-uts\system\Autoloader\Autoloader.php(264): include_once()
#1 C:\xampp\htdocs\ci-uts\system\Autoloader\Autoloader.php(241): CodeIgniter\Autoloader\Autoloader->includeFile('C:\\xampp\\htdocs...')
#2 C:\xampp\htdocs\ci-uts\system\Autoloader\Autoloader.php(219): CodeIgniter\Autoloader\Autoloader->loadInNamespace('App\\Controllers...')
#3 [internal function]: CodeIgniter\Autoloader\Autoloader->loadClass('App\\Controllers...')
#4 [internal function]: spl_autoload_call('App\\Controllers...')
#5 C:\xampp\htdocs\ci-uts\system\CodeIgniter.php(797): class_exists('\\App\\Controller...', true)
#6 C:\xampp\htdocs\ci-uts\system\CodeIgniter.php(406): CodeIgniter\CodeIgniter->startController()
#7 C:\xampp\htdocs\ci-uts\system\CodeIgniter.php(326): CodeIgniter\CodeIgniter->handleRequest(NULL, Object(Config\Cache), false)
#8 C:\xampp\htdocs\ci-uts\public\index.php(37): CodeIgniter\CodeIgniter->run()
#9 C:\xampp\htdocs\ci-uts\system\Commands\Server\rewrite.php(43): require_once('C:\\xampp\\htdocs...')
#10 {main}
CRITICAL - 2022-05-11 13:24:20 --> Class 'App\Controllers\BaseControllers' not found
#0 C:\xampp\htdocs\ci-uts\system\Autoloader\Autoloader.php(264): include_once()
#1 C:\xampp\htdocs\ci-uts\system\Autoloader\Autoloader.php(241): CodeIgniter\Autoloader\Autoloader->includeFile('C:\\xampp\\htdocs...')
#2 C:\xampp\htdocs\ci-uts\system\Autoloader\Autoloader.php(219): CodeIgniter\Autoloader\Autoloader->loadInNamespace('App\\Controllers...')
#3 [internal function]: CodeIgniter\Autoloader\Autoloader->loadClass('App\\Controllers...')
#4 [internal function]: spl_autoload_call('App\\Controllers...')
#5 C:\xampp\htdocs\ci-uts\system\CodeIgniter.php(797): class_exists('\\App\\Controller...', true)
#6 C:\xampp\htdocs\ci-uts\system\CodeIgniter.php(406): CodeIgniter\CodeIgniter->startController()
#7 C:\xampp\htdocs\ci-uts\system\CodeIgniter.php(326): CodeIgniter\CodeIgniter->handleRequest(NULL, Object(Config\Cache), false)
#8 C:\xampp\htdocs\ci-uts\public\index.php(37): CodeIgniter\CodeIgniter->run()
#9 C:\xampp\htdocs\ci-uts\system\Commands\Server\rewrite.php(43): require_once('C:\\xampp\\htdocs...')
#10 {main}
